[debug] [2024-12-23T04:46:06.348Z] ----------------------------------------------------------------------
[debug] [2024-12-23T04:46:06.349Z] Command:       C:\Program Files\nodejs\node.exe C:\Users\nooob\AppData\Local\pnpm\global\5\node_modules\firebase-tools\lib\bin\firebase.js deploy
[debug] [2024-12-23T04:46:06.350Z] CLI Version:   13.29.1
[debug] [2024-12-23T04:46:06.350Z] Platform:      win32
[debug] [2024-12-23T04:46:06.350Z] Node Version:  v22.12.0
[debug] [2024-12-23T04:46:06.350Z] Time:          Mon Dec 23 2024 11:46:06 GMT+0700 (เวลาอินโดจีน)
[debug] [2024-12-23T04:46:06.350Z] ----------------------------------------------------------------------
[debug] 
[debug] [2024-12-23T04:46:06.395Z] > command requires scopes: ["email","openid","https://www.googleapis.com/auth/cloudplatformprojects.readonly","https://www.googleapis.com/auth/firebase","https://www.googleapis.com/auth/cloud-platform"]
[debug] [2024-12-23T04:46:06.395Z] > authorizing via signed-in user (nooobtimex@gmail.com)
[debug] [2024-12-23T04:46:06.395Z] [iam] checking project portfolio-84dbc for permissions ["firebase.projects.get","firebasehosting.sites.update"]
[debug] [2024-12-23T04:46:06.396Z] Checked if tokens are valid: true, expires at: 1734932450011
[debug] [2024-12-23T04:46:06.396Z] Checked if tokens are valid: true, expires at: 1734932450011
[debug] [2024-12-23T04:46:06.397Z] >>> [apiv2][query] POST https://cloudresourcemanager.googleapis.com/v1/projects/portfolio-84dbc:testIamPermissions [none]
[debug] [2024-12-23T04:46:06.397Z] >>> [apiv2][(partial)header] POST https://cloudresourcemanager.googleapis.com/v1/projects/portfolio-84dbc:testIamPermissions x-goog-quota-user=projects/portfolio-84dbc
[debug] [2024-12-23T04:46:06.397Z] >>> [apiv2][body] POST https://cloudresourcemanager.googleapis.com/v1/projects/portfolio-84dbc:testIamPermissions {"permissions":["firebase.projects.get","firebasehosting.sites.update"]}
[debug] [2024-12-23T04:46:07.585Z] <<< [apiv2][status] POST https://cloudresourcemanager.googleapis.com/v1/projects/portfolio-84dbc:testIamPermissions 200
[debug] [2024-12-23T04:46:07.585Z] <<< [apiv2][body] POST https://cloudresourcemanager.googleapis.com/v1/projects/portfolio-84dbc:testIamPermissions {"permissions":["firebase.projects.get","firebasehosting.sites.update"]}
[debug] [2024-12-23T04:46:07.585Z] Checked if tokens are valid: true, expires at: 1734932450011
[debug] [2024-12-23T04:46:07.585Z] Checked if tokens are valid: true, expires at: 1734932450011
[debug] [2024-12-23T04:46:07.585Z] >>> [apiv2][query] GET https://firebase.googleapis.com/v1beta1/projects/portfolio-84dbc [none]
[debug] [2024-12-23T04:46:08.366Z] <<< [apiv2][status] GET https://firebase.googleapis.com/v1beta1/projects/portfolio-84dbc 200
[debug] [2024-12-23T04:46:08.366Z] <<< [apiv2][body] GET https://firebase.googleapis.com/v1beta1/projects/portfolio-84dbc {"projectId":"portfolio-84dbc","projectNumber":"533543139250","displayName":"portfolio","name":"projects/portfolio-84dbc","resources":{"hostingSite":"portfolio-84dbc"},"state":"ACTIVE","etag":"1_a061979e-92bb-4c1c-8e6d-7c92154ffd59"}
